<?xml version="1.0" encoding="UTF-8" standalone="no"?>
<!DOCTYPE log SYSTEM "logger.dtd">
<log>
<record>
  <date>2022-11-08T09:25:01.133-0300</date>
  <logger>JOAO PEDRO JUVINO DOS SANTOS</logger>
  <level>FINE</level>
  <message>File 121110319-JOAO PEDRO JUVINO DOS SANTOS.zip was received. It was sent by JOAO PEDRO JUVINO DOS SANTOS from IP 150.165.42.153 at 08-11-2022 09*25*01</message>
</record>
</log>
<?xml version="1.0" encoding="UTF-8" standalone="no"?>
<!DOCTYPE log SYSTEM "logger.dtd">
<log>
<record>
  <date>2022-11-08T09:27:18.225-0300</date>
  <logger>JOAO PEDRO JUVINO DOS SANTOS</logger>
  <level>FINE</level>
  <message>File 121110319-JOAO PEDRO JUVINO DOS SANTOS.zip was received. It was sent by JOAO PEDRO JUVINO DOS SANTOS from IP 150.165.42.153 at 08-11-2022 09*27*18</message>
</record>
</log>
<?xml version="1.0" encoding="UTF-8" standalone="no"?>
<!DOCTYPE log SYSTEM "logger.dtd">
<log>
<record>
  <date>2022-11-08T09:57:45.997-0300</date>
  <logger>JOAO PEDRO JUVINO DOS SANTOS</logger>
  <level>FINE</level>
  <message>File 121110319-JOAO PEDRO JUVINO DOS SANTOS.zip was received. It was sent by JOAO PEDRO JUVINO DOS SANTOS from IP 150.165.42.153 at 08-11-2022 09*57*45</message>
</record>
